[debug] [2023-06-01T19:02:33.061Z] ----------------------------------------------------------------------
[debug] [2023-06-01T19:02:33.062Z] Command:       C:\Program Files\nodejs\node.exe C:\Users\krish\AppData\Roaming\npm\node_modules\firebase-tools\lib\bin\firebase.js init
[debug] [2023-06-01T19:02:33.063Z] CLI Version:   12.2.1
[debug] [2023-06-01T19:02:33.063Z] Platform:      win32
[debug] [2023-06-01T19:02:33.063Z] Node Version:  v18.16.0
[debug] [2023-06-01T19:02:33.063Z] Time:          Fri Jun 02 2023 00:32:33 GMT+0530 (India Standard Time)
[debug] [2023-06-01T19:02:33.064Z] ----------------------------------------------------------------------
[debug] 
[debug] [2023-06-01T19:02:33.108Z] > command requires scopes: ["email","openid","https://www.googleapis.com/auth/cloudplatformprojects.readonly","https://www.googleapis.com/auth/firebase","https://www.googleapis.com/auth/cloud-platform"]
[debug] [2023-06-01T19:02:33.108Z] > authorizing via signed-in user (krishnawankhede40@gmail.com)
[info] 
     ######## #### ########  ######## ########     ###     ######  ########
     ##        ##  ##     ## ##       ##     ##  ##   ##  ##       ##
     ######    ##  ########  ######   ########  #########  ######  ######
     ##        ##  ##    ##  ##       ##     ## ##     ##       ## ##
     ##       #### ##     ## ######## ########  ##     ##  ######  ########

You're about to initialize a Firebase project in this directory:

  C:\Users\krish

Before we get started, keep in mind:

  * You are initializing within an existing Firebase project directory

[info] 
=== Project Setup
[info] 
[info] First, let's associate this project directory with a Firebase project.
[info] You can create multiple project aliases by running firebase use --add, 
[info] but for now we'll just set up a default project.
[info] 
[debug] [2023-06-01T19:03:06.086Z] Using project from CLI flag: clone-6ae68
[debug] [2023-06-01T19:03:06.087Z] >>> [apiv2][query] GET https://firebase.googleapis.com/v1beta1/projects/clone-6ae68 [none]
[debug] [2023-06-01T19:03:06.687Z] <<< [apiv2][status] GET https://firebase.googleapis.com/v1beta1/projects/clone-6ae68 200
[debug] [2023-06-01T19:03:06.687Z] <<< [apiv2][body] GET https://firebase.googleapis.com/v1beta1/projects/clone-6ae68 {"projectId":"clone-6ae68","projectNumber":"529739391088","displayName":"amazon-clone","name":"projects/clone-6ae68","resources":{"hostingSite":"clone-6ae68","realtimeDatabaseInstance":"clone-6ae68-default-rtdb","storageBucket":"clone-6ae68.appspot.com","locationId":"us-central"},"state":"ACTIVE","etag":"1_a8a5a51c-e4a3-4a1e-a5ae-046ff3d44b47"}
[info] i  Using project clone-6ae68 (amazon-clone) 
[info] 
=== Hosting Setup
[info] 
[info] Your public directory is the folder (relative to your project directory) that
[info] will contain Hosting assets to be uploaded with firebase deploy. If you
[info] have a build process for your assets, use your build's output directory.
[info] 
[debug] [2023-06-01T19:03:47.624Z] ----------------------------------------------------------------------
[debug] [2023-06-01T19:03:47.626Z] Command:       C:\Program Files\nodejs\node.exe C:\Users\krish\AppData\Roaming\npm\node_modules\firebase-tools\lib\bin\firebase.js use --add
[debug] [2023-06-01T19:03:47.626Z] CLI Version:   12.2.1
[debug] [2023-06-01T19:03:47.626Z] Platform:      win32
[debug] [2023-06-01T19:03:47.626Z] Node Version:  v18.16.0
[debug] [2023-06-01T19:03:47.627Z] Time:          Fri Jun 02 2023 00:33:47 GMT+0530 (India Standard Time)
[debug] [2023-06-01T19:03:47.627Z] ----------------------------------------------------------------------
[debug] 
[debug] [2023-06-01T19:03:47.672Z] > command requires scopes: ["email","openid","https://www.googleapis.com/auth/cloudplatformprojects.readonly","https://www.googleapis.com/auth/firebase","https://www.googleapis.com/auth/cloud-platform"]
[debug] [2023-06-01T19:03:47.673Z] > authorizing via signed-in user (krishnawankhede40@gmail.com)
[debug] [2023-06-01T19:03:47.675Z] >>> [apiv2][query] GET https://firebase.googleapis.com/v1beta1/projects pageSize=1000
[debug] [2023-06-01T19:03:48.664Z] <<< [apiv2][status] GET https://firebase.googleapis.com/v1beta1/projects 200
[debug] [2023-06-01T19:03:48.664Z] <<< [apiv2][body] GET https://firebase.googleapis.com/v1beta1/projects [omitted]
